Release 14.7 - xst P.20131013 (nt64)
Copyright (c) 1995-2013 Xilinx, Inc.  All rights reserved.
--> Parameter TMPDIR set to xst/projnav.tmp


Total REAL time to Xst completion: 0.00 secs
Total CPU time to Xst completion: 0.11 secs
 
--> Parameter xsthdpdir set to xst


Total REAL time to Xst completion: 0.00 secs
Total CPU time to Xst completion: 0.11 secs
 
--> Reading design: top.prj

TABLE OF CONTENTS
  1) Synthesis Options Summary
  2) HDL Parsing
  3) HDL Elaboration
  4) HDL Synthesis
       4.1) HDL Synthesis Report
  5) Advanced HDL Synthesis
       5.1) Advanced HDL Synthesis Report
  6) Low Level Synthesis
  7) Partition Report
  8) Design Summary
       8.1) Primitive and Black Box Usage
       8.2) Device utilization summary
       8.3) Partition Resource Summary
       8.4) Timing Report
            8.4.1) Clock Information
            8.4.2) Asynchronous Control Signals Information
            8.4.3) Timing Summary
            8.4.4) Timing Details
            8.4.5) Cross Clock Domains Report


=========================================================================
*                      Synthesis Options Summary                        *
=========================================================================
---- Source Parameters
Input File Name                    : "top.prj"
Ignore Synthesis Constraint File   : NO

---- Target Parameters
Output File Name                   : "top"
Output Format                      : NGC
Target Device                      : xc7a100t-2L-fgg484

---- Source Options
Top Module Name                    : top
Automatic FSM Extraction           : YES
FSM Encoding Algorithm             : Auto
Safe Implementation                : No
FSM Style                          : LUT
RAM Extraction                     : Yes
RAM Style                          : Auto
ROM Extraction                     : Yes
Shift Register Extraction          : YES
ROM Style                          : Auto
Resource Sharing                   : YES
Asynchronous To Synchronous        : NO
Shift Register Minimum Size        : 2
Use DSP Block                      : Auto
Automatic Register Balancing       : No

---- Target Options
LUT Combining                      : Auto
Reduce Control Sets                : Auto
Add IO Buffers                     : YES
Global Maximum Fanout              : 100000
Add Generic Clock Buffer(BUFG)     : 32
Register Duplication               : YES
Optimize Instantiated Primitives   : NO
Use Clock Enable                   : Auto
Use Synchronous Set                : Auto
Use Synchronous Reset              : Auto
Pack IO Registers into IOBs        : Auto
Equivalent register Removal        : YES

---- General Options
Optimization Goal                  : Speed
Optimization Effort                : 1
Power Reduction                    : NO
Keep Hierarchy                     : No
Netlist Hierarchy                  : As_Optimized
RTL Output                         : Yes
Global Optimization                : AllClockNets
Read Cores                         : YES
Write Timing Constraints           : NO
Cross Clock Analysis               : NO
Hierarchy Separator                : /
Bus Delimiter                      : <>
Case Specifier                     : Maintain
Slice Utilization Ratio            : 100
BRAM Utilization Ratio             : 100
DSP48 Utilization Ratio            : 100
Auto BRAM Packing                  : NO
Slice Utilization Ratio Delta      : 5

---- Other Options
Cores Search Directories           : {"ipcore_dir"  }

=========================================================================


=========================================================================
*                          HDL Parsing                                  *
=========================================================================
Analyzing Verilog file "D:\zuchengyuanli\r\ipcore_dir\Inst_ROM.v" into library work
Parsing module <Inst_ROM>.
Analyzing Verilog file "D:\zuchengyuanli\r\top.v" into library work
Parsing module <top>.
Parsing module <show>.
Parsing module <top_R>.
Parsing module <pc>.
Parsing module <Register_file>.
Parsing module <ALU>.

=========================================================================
*                            HDL Elaboration                            *
=========================================================================

Elaborating module <top>.

Elaborating module <top_R>.

Elaborating module <pc>.

Elaborating module <Inst_ROM>.
WARNING:HDLCompiler:1499 - "D:\zuchengyuanli\r\ipcore_dir\Inst_ROM.v" Line 39: Empty module <Inst_ROM> remains a black box.

Elaborating module <Register_file>.

Elaborating module <ALU>.
WARNING:HDLCompiler:1127 - "D:\zuchengyuanli\r\top.v" Line 28: Assignment to zf ignored, since the identifier is never used

Elaborating module <show>.

=========================================================================
*                           HDL Synthesis                               *
=========================================================================

Synthesizing Unit <top>.
    Related source file is "D:\zuchengyuanli\r\top.v".
INFO:Xst:3210 - "D:\zuchengyuanli\r\top.v" line 28: Output port <zf> of the instance <top_R0> is unconnected or connected to loadless signal.
INFO:Xst:3210 - "D:\zuchengyuanli\r\top.v" line 28: Output port <of> of the instance <top_R0> is unconnected or connected to loadless signal.
    Summary:
	no macro.
Unit <top> synthesized.

Synthesizing Unit <top_R>.
    Related source file is "D:\zuchengyuanli\r\top.v".
    Summary:
	inferred   1 Multiplexer(s).
Unit <top_R> synthesized.

Synthesizing Unit <pc>.
    Related source file is "D:\zuchengyuanli\r\top.v".
    Found 8-bit register for signal <pc>.
    Found 32-bit adder for signal <pc_new> created at line 161.
    WARNING:Xst:2404 -  FFs/Latches <pc<31:8>> (without init value) have a constant value of 0 in block <pc>.
    Summary:
	inferred   1 Adder/Subtractor(s).
	inferred   8 D-type flip-flop(s).
Unit <pc> synthesized.

Synthesizing Unit <Register_file>.
    Related source file is "D:\zuchengyuanli\r\top.v".
    Found 1024-bit register for signal <n0046[1023:0]>.
    Found 32-bit 32-to-1 multiplexer for signal <R_Data_A> created at line 189.
    Found 32-bit 32-to-1 multiplexer for signal <R_Data_B> created at line 190.
    Summary:
	inferred 1024 D-type flip-flop(s).
	inferred  34 Multiplexer(s).
Unit <Register_file> synthesized.

Synthesizing Unit <ALU>.
    Related source file is "D:\zuchengyuanli\r\top.v".
    Found 33-bit subtractor for signal <GND_6_o_GND_6_o_sub_7_OUT> created at line 221.
    Found 33-bit adder for signal <n0032> created at line 220.
    Found 32-bit shifter logical left for signal <B[31]_A[31]_shift_left_8_OUT> created at line 223
    Found 32-bit 8-to-1 multiplexer for signal <F> created at line 215.
    Found 32-bit comparator greater for signal <A[31]_B[31]_LessThan_8_o> created at line 222
    Summary:
	inferred   2 Adder/Subtractor(s).
	inferred   1 Comparator(s).
	inferred   5 Multiplexer(s).
	inferred   1 Combinational logic shifter(s).
Unit <ALU> synthesized.

Synthesizing Unit <show>.
    Related source file is "D:\zuchengyuanli\r\top.v".
    Found 4-bit register for signal <an>.
    Found 4-bit register for signal <data>.
    Found 3-bit register for signal <BitSel>.
    Found 3-bit adder for signal <BitSel[2]_GND_8_o_add_2_OUT> created at line 67.
    Found 16x8-bit Read Only RAM for signal <seg>
    Found 8x4-bit Read Only RAM for signal <BitSel[2]_PWR_9_o_wide_mux_11_OUT>
    Found 4-bit 8-to-1 multiplexer for signal <BitSel[2]_Data[31]_wide_mux_12_OUT> created at line 68.
    Summary:
	inferred   2 RAM(s).
	inferred   1 Adder/Subtractor(s).
	inferred  11 D-type flip-flop(s).
	inferred   9 Multiplexer(s).
Unit <show> synthesized.

=========================================================================
HDL Synthesis Report

Macro Statistics
# RAMs                                                 : 2
 16x8-bit single-port Read Only RAM                    : 1
 8x4-bit single-port Read Only RAM                     : 1
# Adders/Subtractors                                   : 4
 3-bit adder                                           : 1
 32-bit adder                                          : 1
 33-bit adder                                          : 1
 33-bit subtractor                                     : 1
# Registers                                            : 5
 1024-bit register                                     : 1
 3-bit register                                        : 1
 4-bit register                                        : 2
 8-bit register                                        : 1
# Comparators                                          : 1
 32-bit comparator greater                             : 1
# Multiplexers                                         : 49
 1-bit 2-to-1 multiplexer                              : 3
 3-bit 2-to-1 multiplexer                              : 1
 32-bit 2-to-1 multiplexer                             : 33
 32-bit 32-to-1 multiplexer                            : 2
 32-bit 8-to-1 multiplexer                             : 1
 4-bit 2-to-1 multiplexer                              : 8
 4-bit 8-to-1 multiplexer                              : 1
# Logic shifters                                       : 1
 32-bit shifter logical left                           : 1
# Xors                                                 : 6
 1-bit xor2                                            : 5
 32-bit xor2                                           : 1

=========================================================================

=========================================================================
*                       Advanced HDL Synthesis                          *
=========================================================================

Reading core <ipcore_dir/Inst_ROM.ngc>.
Loading core <Inst_ROM> for timing and area information for instance <your_instance_name>.

Synthesizing (advanced) Unit <pc>.
The following registers are absorbed into accumulator <pc>: 1 register on signal <pc>.
Unit <pc> synthesized (advanced).

Synthesizing (advanced) Unit <show>.
The following registers are absorbed into counter <BitSel>: 1 register on signal <BitSel>.
INFO:Xst:3231 - The small RAM <Mram_seg> will be implemented on LUTs in order to maximize performance and save block RAM resources. If you want to force its implementation on block, use option/constraint ram_style.
    -----------------------------------------------------------------------
    | ram_type           | Distributed                         |          |
    -----------------------------------------------------------------------
    | Port A                                                              |
    |     aspect ratio   | 16-word x 8-bit                     |          |
    |     weA            | connected to signal <GND>           | high     |
    |     addrA          | connected to signal <data>          |          |
    |     diA            | connected to signal <GND>           |          |
    |     doA            | connected to signal <seg>           |          |
    -----------------------------------------------------------------------
INFO:Xst:3231 - The small RAM <Mram_BitSel[2]_PWR_9_o_wide_mux_11_OUT> will be implemented on LUTs in order to maximize performance and save block RAM resources. If you want to force its implementation on block, use option/constraint ram_style.
    -----------------------------------------------------------------------
    | ram_type           | Distributed                         |          |
    -----------------------------------------------------------------------
    | Port A                                                              |
    |     aspect ratio   | 8-word x 4-bit                      |          |
    |     weA            | connected to signal <GND>           | high     |
    |     addrA          | connected to signal <BitSel>        |          |
    |     diA            | connected to signal <GND>           |          |
    |     doA            | connected to internal node          |          |
    -----------------------------------------------------------------------
Unit <show> synthesized (advanced).

=========================================================================
Advanced HDL Synthesis Report

Macro Statistics
# RAMs                                                 : 2
 16x8-bit single-port distributed Read Only RAM        : 1
 8x4-bit single-port distributed Read Only RAM         : 1
# Adders/Subtractors                                   : 2
 33-bit adder                                          : 1
 33-bit subtractor                                     : 1
# Counters                                             : 1
 3-bit up counter                                      : 1
# Accumulators                                         : 1
 8-bit up accumulator                                  : 1
# Registers                                            : 1032
 Flip-Flops                                            : 1032
# Comparators                                          : 1
 32-bit comparator greater                             : 1
# Multiplexers                                         : 49
 1-bit 2-to-1 multiplexer                              : 3
 3-bit 2-to-1 multiplexer                              : 1
 32-bit 2-to-1 multiplexer                             : 33
 32-bit 32-to-1 multiplexer                            : 2
 32-bit 8-to-1 multiplexer                             : 1
 4-bit 2-to-1 multiplexer                              : 8
 4-bit 8-to-1 multiplexer                              : 1
# Logic shifters                                       : 1
 32-bit shifter logical left                           : 1
# Xors                                                 : 6
 1-bit xor2                                            : 5
 32-bit xor2                                           : 1

=========================================================================

=========================================================================
*                         Low Level Synthesis                           *
=========================================================================
WARNING:Xst:1710 - FF/Latch <an_3> (without init value) has a constant value of 1 in block <show>. This FF/Latch will be trimmed during the optimization process.
WARNING:Xst:2677 - Node <pc0/pc_0> of sequential type is unconnected in block <top_R>.
WARNING:Xst:2677 - Node <pc0/pc_1> of sequential type is unconnected in block <top_R>.
INFO:Xst:2261 - The FF/Latch <BitSel_0> in Unit <show> is equivalent to the following FF/Latch, which will be removed : <an_0> 

Optimizing unit <top> ...

Optimizing unit <top_R> ...

Optimizing unit <Register_file> ...

Optimizing unit <ALU> ...

Optimizing unit <show> ...
WARNING:Xst:1293 - FF/Latch <top_R0/Register_file0/REG_file_31_992> has a constant value of 0 in block <top>. This FF/Latch will be trimmed during the optimization process.
WARNING:Xst:1896 - Due to other FF/Latch trimming, FF/Latch <top_R0/Register_file0/REG_file_31_993> has a constant value of 0 in block <top>. This FF/Latch will be trimmed during the optimization process.
WARNING:Xst:1896 - Due to other FF/Latch trimming, FF/Latch <top_R0/Register_file0/REG_file_31_994> has a constant value of 0 in block <top>. This FF/Latch will be trimmed during the optimization process.
WARNING:Xst:1896 - Due to other FF/Latch trimming, FF/Latch <top_R0/Register_file0/REG_file_31_995> has a constant value of 0 in block <top>. This FF/Latch will be trimmed during the optimization process.
WARNING:Xst:1896 - Due to other FF/Latch trimming, FF/Latch <top_R0/Register_file0/REG_file_31_996> has a constant value of 0 in block <top>. This FF/Latch will be trimmed during the optimization process.
WARNING:Xst:1896 - Due to other FF/Latch trimming, FF/Latch <top_R0/Register_file0/REG_file_31_997> has a constant value of 0 in block <top>. This FF/Latch will be trimmed during the optimization process.
WARNING:Xst:1896 - Due to other FF/Latch trimming, FF/Latch <top_R0/Register_file0/REG_file_31_998> has a constant value of 0 in block <top>. This FF/Latch will be trimmed during the optimization process.
WARNING:Xst:1896 - Due to other FF/Latch trimming, FF/Latch <top_R0/Register_file0/REG_file_31_999> has a constant value of 0 in block <top>. This FF/Latch will be trimmed during the optimization process.
WARNING:Xst:1896 - Due to other FF/Latch trimming, FF/Latch <top_R0/Register_file0/REG_file_31_1000> has a constant value of 0 in block <top>. This FF/Latch will be trimmed during the optimization process.
WARNING:Xst:1896 - Due to other FF/Latch trimming, FF/Latch <top_R0/Register_file0/REG_file_31_1001> has a constant value of 0 in block <top>. This FF/Latch will be trimmed during the optimization process.
WARNING:Xst:1896 - Due to other FF/Latch trimming, FF/Latch <top_R0/Register_file0/REG_file_31_1002> has a constant value of 0 in block <top>. This FF/Latch will be trimmed during the optimization process.
WARNING:Xst:1896 - Due to other FF/Latch trimming, FF/Latch <top_R0/Register_file0/REG_file_31_1003> has a constant value of 0 in block <top>. This FF/Latch will be trimmed during the optimization process.
WARNING:Xst:1896 - Due to other FF/Latch trimming, FF/Latch <top_R0/Register_file0/REG_file_31_1004> has a constant value of 0 in block <top>. This FF/Latch will be trimmed during the optimization process.
WARNING:Xst:1896 - Due to other FF/Latch trimming, FF/Latch <top_R0/Register_file0/REG_file_31_1005> has a constant value of 0 in block <top>. This FF/Latch will be trimmed during the optimization process.
WARNING:Xst:1896 - Due to other FF/Latch trimming, FF/Latch <top_R0/Register_file0/REG_file_31_1006> has a constant value of 0 in block <top>. This FF/Latch will be trimmed during the optimization process.
WARNING:Xst:1896 - Due to other FF/Latch trimming, FF/Latch <top_R0/Register_file0/REG_file_31_1007> has a constant value of 0 in block <top>. This FF/Latch will be trimmed during the optimization process.
WARNING:Xst:1896 - Due to other FF/Latch trimming, FF/Latch <top_R0/Register_file0/REG_file_31_1008> has a constant value of 0 in block <top>. This FF/Latch will be trimmed during the optimization process.
WARNING:Xst:1896 - Due to other FF/Latch trimming, FF/Latch <top_R0/Register_file0/REG_file_31_1009> has a constant value of 0 in block <top>. This FF/Latch will be trimmed during the optimization process.
WARNING:Xst:1896 - Due to other FF/Latch trimming, FF/Latch <top_R0/Register_file0/REG_file_31_1010> has a constant value of 0 in block <top>. This FF/Latch will be trimmed during the optimization process.
WARNING:Xst:1896 - Due to other FF/Latch trimming, FF/Latch <top_R0/Register_file0/REG_file_31_1011> has a constant value of 0 in block <top>. This FF/Latch will be trimmed during the optimization process.
WARNING:Xst:1896 - Due to other FF/Latch trimming, FF/Latch <top_R0/Register_file0/REG_file_31_1012> has a constant value of 0 in block <top>. This FF/Latch will be trimmed during the optimization process.
WARNING:Xst:1896 - Due to other FF/Latch trimming, FF/Latch <top_R0/Register_file0/REG_file_31_1013> has a constant value of 0 in block <top>. This FF/Latch will be trimmed during the optimization process.
WARNING:Xst:1896 - Due to other FF/Latch trimming, FF/Latch <top_R0/Register_file0/REG_file_31_1014> has a constant value of 0 in block <top>. This FF/Latch will be trimmed during the optimization process.
WARNING:Xst:1896 - Due to other FF/Latch trimming, FF/Latch <top_R0/Register_file0/REG_file_31_1015> has a constant value of 0 in block <top>. This FF/Latch will be trimmed during the optimization process.
WARNING:Xst:1896 - Due to other FF/Latch trimming, FF/Latch <top_R0/Register_file0/REG_file_31_1016> has a constant value of 0 in block <top>. This FF/Latch will be trimmed during the optimization process.
WARNING:Xst:1896 - Due to other FF/Latch trimming, FF/Latch <top_R0/Register_file0/REG_file_31_1017> has a constant value of 0 in block <top>. This FF/Latch will be trimmed during the optimization process.
WARNING:Xst:1896 - Due to other FF/Latch trimming, FF/Latch <top_R0/Register_file0/REG_file_31_1018> has a constant value of 0 in block <top>. This FF/Latch will be trimmed during the optimization process.
WARNING:Xst:1896 - Due to other FF/Latch trimming, FF/Latch <top_R0/Register_file0/REG_file_31_1019> has a constant value of 0 in block <top>. This FF/Latch will be trimmed during the optimization process.
WARNING:Xst:1896 - Due to other FF/Latch trimming, FF/Latch <top_R0/Register_file0/REG_file_31_1020> has a constant value of 0 in block <top>. This FF/Latch will be trimmed during the optimization process.
WARNING:Xst:1896 - Due to other FF/Latch trimming, FF/Latch <top_R0/Register_file0/REG_file_31_1021> has a constant value of 0 in block <top>. This FF/Latch will be trimmed during the optimization process.
WARNING:Xst:1896 - Due to other FF/Latch trimming, FF/Latch <top_R0/Register_file0/REG_file_31_1022> has a constant value of 0 in block <top>. This FF/Latch will be trimmed during the optimization process.
WARNING:Xst:1896 - Due to other FF/Latch trimming, FF/Latch <top_R0/Register_file0/REG_file_31_1023> has a constant value of 0 in block <top>. This FF/Latch will be trimmed during the optimization process.

Mapping all equations...
Building and optimizing final netlist ...
Found area constraint ratio of 100 (+ 5) on block top, actual ratio is 4.

Final Macro Processing ...

=========================================================================
Final Register Report

Macro Statistics
# Registers                                            : 1007
 Flip-Flops                                            : 1007

=========================================================================

=========================================================================
*                           Partition Report                            *
=========================================================================

Partition Implementation Status
-------------------------------

  No Partitions were found in this design.

-------------------------------

=========================================================================
*                            Design Summary                             *
=========================================================================

Top Level Output File Name         : top.ngc

Primitive and Black Box Usage:
------------------------------
# BELS                             : 2308
#      GND                         : 2
#      INV                         : 5
#      LUT2                        : 67
#      LUT3                        : 1016
#      LUT4                        : 45
#      LUT5                        : 119
#      LUT6                        : 817
#      MUXCY                       : 80
#      MUXF7                       : 91
#      VCC                         : 2
#      XORCY                       : 64
# FlipFlops/Latches                : 1007
#      FD                          : 9
#      FDC                         : 6
#      FDCE                        : 992
# RAMS                             : 1
#      RAMB18E1                    : 1
# Clock Buffers                    : 2
#      BUFGP                       : 2
# IO Buffers                       : 13
#      IBUF                        : 1
#      OBUF                        : 12

Device utilization summary:
---------------------------

Selected Device : 7a100tfgg484-2l 


Slice Logic Utilization: 
 Number of Slice Registers:            1007  out of  126800     0%  
 Number of Slice LUTs:                 2069  out of  63400     3%  
    Number used as Logic:              2069  out of  63400     3%  

Slice Logic Distribution: 
 Number of LUT Flip Flop pairs used:   2069
   Number with an unused Flip Flop:    1062  out of   2069    51%  
   Number with an unused LUT:             0  out of   2069     0%  
   Number of fully used LUT-FF pairs:  1007  out of   2069    48%  
   Number of unique control sets:         3

IO Utilization: 
 Number of IOs:                          15
 Number of bonded IOBs:                  15  out of    285     5%  

Specific Feature Utilization:
 Number of Block RAM/FIFO:                1  out of    135     0%  
    Number using Block RAM only:          1
 Number of BUFG/BUFGCTRLs:                2  out of     32     6%  

---------------------------
Partition Resource Summary:
---------------------------

  No Partitions were found in this design.

---------------------------


=========================================================================
Timing Report

NOTE: THESE TIMING NUMBERS ARE ONLY A SYNTHESIS ESTIMATE.
      FOR ACCURATE TIMING INFORMATION PLEASE REFER TO THE TRACE REPORT
      GENERATED AFTER PLACE-and-ROUTE.

Clock Information:
------------------
-----------------------------------+------------------------+-------+
Clock Signal                       | Clock buffer(FF name)  | Load  |
-----------------------------------+------------------------+-------+
clk                                | BUFGP                  | 999   |
clk_s                              | BUFGP                  | 9     |
-----------------------------------+------------------------+-------+

Asynchronous Control Signals Information:
----------------------------------------
No asynchronous control signals found in this design

Timing Summary:
---------------
Speed Grade: -2

   Minimum period: 15.715ns (Maximum Frequency: 63.632MHz)
   Minimum input arrival time before clock: 1.458ns
   Maximum output required time after clock: 1.525ns
   Maximum combinational path delay: No path found

Timing Details:
---------------
All values displayed in nanoseconds (ns)

=========================================================================
Timing constraint: Default period analysis for Clock 'clk'
  Clock period: 15.715ns (frequency: 63.632MHz)
  Total number of paths / destination ports: 11228729 / 2002
-------------------------------------------------------------------------
Delay:               7.858ns (Levels of Logic = 10)
  Source:            top_R0/pc0/your_instance_name/U0/xst_blk_mem_generator/gnativebmg.native_blk_mem_gen/valid.cstr/ramloop[0].ram.r/v6_init.ram/NO_BMM_INFO.SP.WIDE_PRIM18.ram (RAM)
  Destination:       top_R0/Register_file0/REG_file_31_970 (FF)
  Source Clock:      clk rising
  Destination Clock: clk falling

  Data Path: top_R0/pc0/your_instance_name/U0/xst_blk_mem_generator/gnativebmg.native_blk_mem_gen/valid.cstr/ramloop[0].ram.r/v6_init.ram/NO_BMM_INFO.SP.WIDE_PRIM18.ram to top_R0/Register_file0/REG_file_31_970
                                Gate     Net
    Cell:in->out      fanout   Delay   Delay  Logical Name (Net Name)
    ----------------------------------------  ------------
     RAMB18E1:CLKARDCLK->DOBDO5  256   2.125   0.622  U0/xst_blk_mem_generator/gnativebmg.native_blk_mem_gen/valid.cstr/ramloop[0].ram.r/v6_init.ram/NO_BMM_INFO.SP.WIDE_PRIM18.ram (douta<21>)
     end scope: 'top_R0/pc0/your_instance_name:douta<21>'
     LUT6:I4->O            1   0.105   0.649  top_R0/Register_file0/Mmux_R_Data_A_849 (top_R0/Register_file0/Mmux_R_Data_A_849)
     LUT6:I2->O            1   0.105   0.000  top_R0/Register_file0/Mmux_R_Data_A_316 (top_R0/Register_file0/Mmux_R_Data_A_316)
     MUXF7:I1->O           6   0.308   0.808  top_R0/Register_file0/Mmux_R_Data_A_2_f7_15 (top_R0/R_Data_A<24>)
     LUT5:I0->O            3   0.105   0.661  top_R0/ALU0/out6 (top_R0/ALU0/out5)
     LUT6:I2->O           48   0.105   0.490  top_R0/ALU0/Mmux_F262111 (top_R0/ALU0/Mmux_F26211)
     LUT6:I5->O            1   0.105   0.000  top_R0/ALU0/Mmux_F11_SW2_G (N145)
     MUXF7:I1->O           1   0.308   0.649  top_R0/ALU0/Mmux_F11_SW2 (N60)
     LUT6:I2->O           32   0.105   0.487  top_R0/ALU0/Mmux_F12 (F<10>)
     LUT3:I2->O            1   0.105   0.000  top_R0/Register_file0/Mmux_REG_file[1][31]_W_Data[31]_mux_34_OUT210 (top_R0/Register_file0/REG_file[1][31]_W_Data[31]_mux_34_OUT<10>)
     FDCE:D                    0.015          top_R0/Register_file0/REG_file_31_970
    ----------------------------------------
    Total                      7.858ns (3.491ns logic, 4.367ns route)
                                       (44.4% logic, 55.6% route)

=========================================================================
Timing constraint: Default period analysis for Clock 'clk_s'
  Clock period: 2.082ns (frequency: 480.204MHz)
  Total number of paths / destination ports: 36 / 9
-------------------------------------------------------------------------
Delay:               2.082ns (Levels of Logic = 3)
  Source:            show0/BitSel_1 (FF)
  Destination:       show0/data_3 (FF)
  Source Clock:      clk_s rising
  Destination Clock: clk_s rising

  Data Path: show0/BitSel_1 to show0/data_3
                                Gate     Net
    Cell:in->out      fanout   Delay   Delay  Logical Name (Net Name)
    ----------------------------------------  ------------
     FD:C->Q              19   0.398   0.700  show0/BitSel_1 (show0/BitSel_1)
     LUT3:I0->O            1   0.105   0.451  show0/Mmux_BitSel[2]_Data[31]_wide_mux_12_OUT_31_SW0 (N190)
     LUT6:I4->O            1   0.105   0.000  show0/Mmux_BitSel[2]_Data[31]_wide_mux_12_OUT_31 (show0/Mmux_BitSel[2]_Data[31]_wide_mux_12_OUT_31)
     MUXF7:I1->O           1   0.308   0.000  show0/Mmux_BitSel[2]_Data[31]_wide_mux_12_OUT_2_f7_0 (show0/BitSel[2]_Data[31]_wide_mux_12_OUT<1>)
     FD:D                      0.015          show0/data_1
    ----------------------------------------
    Total                      2.082ns (0.931ns logic, 1.151ns route)
                                       (44.7% logic, 55.3% route)

=========================================================================
Timing constraint: Default OFFSET IN BEFORE for Clock 'clk'
  Total number of paths / destination ports: 998 / 998
-------------------------------------------------------------------------
Offset:              0.973ns (Levels of Logic = 1)
  Source:            rst (PAD)
  Destination:       top_R0/pc0/pc_7 (FF)
  Destination Clock: clk falling

  Data Path: rst to top_R0/pc0/pc_7
                                Gate     Net
    Cell:in->out      fanout   Delay   Delay  Logical Name (Net Name)
    ----------------------------------------  ------------
     IBUF:I->O          1006   0.001   0.575  rst_IBUF (rst_IBUF)
     FDC:CLR                   0.397          top_R0/pc0/pc_2
    ----------------------------------------
    Total                      0.973ns (0.398ns logic, 0.575ns route)
                                       (40.9% logic, 59.1% route)

=========================================================================
Timing constraint: Default OFFSET IN BEFORE for Clock 'clk_s'
  Total number of paths / destination ports: 8 / 4
-------------------------------------------------------------------------
Offset:              1.458ns (Levels of Logic = 3)
  Source:            rst (PAD)
  Destination:       show0/data_2 (FF)
  Destination Clock: clk_s rising

  Data Path: rst to show0/data_2
                                Gate     Net
    Cell:in->out      fanout   Delay   Delay  Logical Name (Net Name)
    ----------------------------------------  ------------
     IBUF:I->O          1006   0.001   1.029  rst_IBUF (rst_IBUF)
     LUT6:I0->O            1   0.105   0.000  show0/Mmux_BitSel[2]_Data[31]_wide_mux_12_OUT_3 (show0/Mmux_BitSel[2]_Data[31]_wide_mux_12_OUT_3)
     MUXF7:I1->O           1   0.308   0.000  show0/Mmux_BitSel[2]_Data[31]_wide_mux_12_OUT_2_f7 (show0/BitSel[2]_Data[31]_wide_mux_12_OUT<0>)
     FD:D                      0.015          show0/data_0
    ----------------------------------------
    Total                      1.458ns (0.429ns logic, 1.029ns route)
                                       (29.4% logic, 70.6% route)

=========================================================================
Timing constraint: Default OFFSET OUT AFTER for Clock 'clk_s'
  Total number of paths / destination ports: 31 / 10
-------------------------------------------------------------------------
Offset:              1.525ns (Levels of Logic = 2)
  Source:            show0/data_1 (FF)
  Destination:       seg<7> (PAD)
  Source Clock:      clk_s rising

  Data Path: show0/data_1 to seg<7>
                                Gate     Net
    Cell:in->out      fanout   Delay   Delay  Logical Name (Net Name)
    ----------------------------------------  ------------
     FD:C->Q               7   0.398   0.683  show0/data_1 (show0/data_1)
     LUT4:I0->O            1   0.105   0.339  show0/seg<4>1 (seg_4_OBUF)
     OBUF:I->O                 0.000          seg_4_OBUF (seg<4>)
    ----------------------------------------
    Total                      1.525ns (0.503ns logic, 1.022ns route)
                                       (33.0% logic, 67.0% route)

=========================================================================

Cross Clock Domains Report:
--------------------------

Clock to Setup on destination clock clk
---------------+---------+---------+---------+---------+
               | Src:Rise| Src:Fall| Src:Rise| Src:Fall|
Source Clock   |Dest:Rise|Dest:Rise|Dest:Fall|Dest:Fall|
---------------+---------+---------+---------+---------+
clk            |         |    1.266|    7.858|         |
---------------+---------+---------+---------+---------+

Clock to Setup on destination clock clk_s
---------------+---------+---------+---------+---------+
               | Src:Rise| Src:Fall| Src:Rise| Src:Fall|
Source Clock   |Dest:Rise|Dest:Rise|Dest:Fall|Dest:Fall|
---------------+---------+---------+---------+---------+
clk            |    8.764|    7.219|         |         |
clk_s          |    2.082|         |         |         |
---------------+---------+---------+---------+---------+

=========================================================================


Total REAL time to Xst completion: 13.00 secs
Total CPU time to Xst completion: 13.35 secs
 
--> 

Total memory usage is 4700708 kilobytes

Number of errors   :    0 (   0 filtered)
Number of warnings :   38 (   0 filtered)
Number of infos    :    5 (   0 filtered)

